{"/home/lucas/Projetos/goStack/07-appGoBarber/src/components/Button/index.tsx": {"path":"/home/lucas/Projetos/goStack/07-appGoBarber/src/components/Button/index.tsx","statementMap":{"0":{"start":{"line":10,"column":38},"end":{"line":14,"column":1}},"1":{"start":{"line":11,"column":2},"end":{"line":13,"column":14}}},"fnMap":{"0":{"name":"(anonymous_0)","decl":{"start":{"line":10,"column":38},"end":{"line":10,"column":39}},"loc":{"start":{"line":11,"column":2},"end":{"line":13,"column":14}},"line":11}},"branchMap":{},"s":{"0":1,"1":1},"f":{"0":1},"b":{},"_coverageSchema":"1a1c01bbd47fc00a2c39e90264f33305004495a9","hash":"4a915682f429a927fe3a660441fb091121d3965f"}
,"/home/lucas/Projetos/goStack/07-appGoBarber/src/components/Input/index.tsx": {"path":"/home/lucas/Projetos/goStack/07-appGoBarber/src/components/Input/index.tsx","statementMap":{"0":{"start":{"line":28,"column":66},"end":{"line":95,"column":1}},"1":{"start":{"line":32,"column":26},"end":{"line":32,"column":43}},"2":{"start":{"line":34,"column":65},"end":{"line":34,"column":79}},"3":{"start":{"line":36,"column":24},"end":{"line":36,"column":76}},"4":{"start":{"line":38,"column":36},"end":{"line":38,"column":51}},"5":{"start":{"line":39,"column":34},"end":{"line":39,"column":49}},"6":{"start":{"line":41,"column":27},"end":{"line":43,"column":8}},"7":{"start":{"line":42,"column":4},"end":{"line":42,"column":23}},"8":{"start":{"line":45,"column":26},"end":{"line":49,"column":8}},"9":{"start":{"line":46,"column":4},"end":{"line":46,"column":24}},"10":{"start":{"line":48,"column":4},"end":{"line":48,"column":47}},"11":{"start":{"line":51,"column":2},"end":{"line":55,"column":6}},"12":{"start":{"line":51,"column":34},"end":{"line":55,"column":3}},"13":{"start":{"line":53,"column":6},"end":{"line":53,"column":38}},"14":{"start":{"line":57,"column":2},"end":{"line":71,"column":33}},"15":{"start":{"line":58,"column":4},"end":{"line":70,"column":7}},"16":{"start":{"line":63,"column":8},"end":{"line":63,"column":44}},"17":{"start":{"line":64,"column":8},"end":{"line":64,"column":64}},"18":{"start":{"line":67,"column":8},"end":{"line":67,"column":41}},"19":{"start":{"line":68,"column":8},"end":{"line":68,"column":40}},"20":{"start":{"line":73,"column":2},"end":{"line":94,"column":4}},"21":{"start":{"line":89,"column":10},"end":{"line":89,"column":46}}},"fnMap":{"0":{"name":"(anonymous_0)","decl":{"start":{"line":28,"column":66},"end":{"line":28,"column":67}},"loc":{"start":{"line":31,"column":5},"end":{"line":95,"column":1}},"line":31},"1":{"name":"(anonymous_1)","decl":{"start":{"line":41,"column":39},"end":{"line":41,"column":40}},"loc":{"start":{"line":41,"column":45},"end":{"line":43,"column":3}},"line":41},"2":{"name":"(anonymous_2)","decl":{"start":{"line":45,"column":38},"end":{"line":45,"column":39}},"loc":{"start":{"line":45,"column":44},"end":{"line":49,"column":3}},"line":45},"3":{"name":"(anonymous_3)","decl":{"start":{"line":51,"column":27},"end":{"line":51,"column":28}},"loc":{"start":{"line":51,"column":34},"end":{"line":55,"column":3}},"line":51},"4":{"name":"(anonymous_4)","decl":{"start":{"line":52,"column":4},"end":{"line":52,"column":5}},"loc":{"start":{"line":52,"column":12},"end":{"line":54,"column":5}},"line":52},"5":{"name":"(anonymous_5)","decl":{"start":{"line":57,"column":12},"end":{"line":57,"column":13}},"loc":{"start":{"line":57,"column":18},"end":{"line":71,"column":3}},"line":57},"6":{"name":"(anonymous_6)","decl":{"start":{"line":62,"column":6},"end":{"line":62,"column":7}},"loc":{"start":{"line":62,"column":32},"end":{"line":65,"column":7}},"line":62},"7":{"name":"(anonymous_7)","decl":{"start":{"line":66,"column":6},"end":{"line":66,"column":7}},"loc":{"start":{"line":66,"column":19},"end":{"line":69,"column":7}},"line":66},"8":{"name":"(anonymous_8)","decl":{"start":{"line":88,"column":22},"end":{"line":88,"column":23}},"loc":{"start":{"line":88,"column":31},"end":{"line":90,"column":9}},"line":88}},"branchMap":{"0":{"loc":{"start":{"line":29,"column":16},"end":{"line":29,"column":35}},"type":"default-arg","locations":[{"start":{"line":29,"column":33},"end":{"line":29,"column":35}}],"line":29},"1":{"loc":{"start":{"line":34,"column":25},"end":{"line":34,"column":42}},"type":"default-arg","locations":[{"start":{"line":34,"column":40},"end":{"line":34,"column":42}}],"line":34},"2":{"loc":{"start":{"line":78,"column":15},"end":{"line":78,"column":60}},"type":"cond-expr","locations":[{"start":{"line":78,"column":39},"end":{"line":78,"column":48}},{"start":{"line":78,"column":51},"end":{"line":78,"column":60}}],"line":78},"3":{"loc":{"start":{"line":78,"column":15},"end":{"line":78,"column":36}},"type":"binary-expr","locations":[{"start":{"line":78,"column":15},"end":{"line":78,"column":24}},{"start":{"line":78,"column":28},"end":{"line":78,"column":36}}],"line":78}},"s":{"0":1,"1":2,"2":2,"3":2,"4":2,"5":2,"6":2,"7":0,"8":2,"9":0,"10":0,"11":2,"12":1,"13":0,"14":2,"15":2,"16":0,"17":0,"18":0,"19":0,"20":2,"21":0},"f":{"0":2,"1":0,"2":0,"3":1,"4":0,"5":2,"6":0,"7":0,"8":0},"b":{"0":[2],"1":[2],"2":[0,2],"3":[2,2]},"_coverageSchema":"1a1c01bbd47fc00a2c39e90264f33305004495a9","hash":"27c875d78fbfa441e9f744b5195777b13be44ee4"}
,"/home/lucas/Projetos/goStack/07-appGoBarber/src/hooks/auth.tsx": {"path":"/home/lucas/Projetos/goStack/07-appGoBarber/src/hooks/auth.tsx","statementMap":{"0":{"start":{"line":37,"column":20},"end":{"line":37,"column":73}},"1":{"start":{"line":39,"column":31},"end":{"line":102,"column":1}},"2":{"start":{"line":40,"column":26},"end":{"line":40,"column":62}},"3":{"start":{"line":41,"column":32},"end":{"line":41,"column":46}},"4":{"start":{"line":43,"column":2},"end":{"line":59,"column":9}},"5":{"start":{"line":45,"column":28},"end":{"line":48,"column":8}},"6":{"start":{"line":50,"column":6},"end":{"line":53,"column":7}},"7":{"start":{"line":51,"column":8},"end":{"line":51,"column":66}},"8":{"start":{"line":52,"column":8},"end":{"line":52,"column":64}},"9":{"start":{"line":55,"column":6},"end":{"line":55,"column":24}},"10":{"start":{"line":58,"column":4},"end":{"line":58,"column":23}},"11":{"start":{"line":61,"column":17},"end":{"line":74,"column":8}},"12":{"start":{"line":62,"column":21},"end":{"line":62,"column":68}},"13":{"start":{"line":64,"column":28},"end":{"line":64,"column":41}},"14":{"start":{"line":66,"column":4},"end":{"line":69,"column":7}},"15":{"start":{"line":71,"column":4},"end":{"line":71,"column":59}},"16":{"start":{"line":73,"column":4},"end":{"line":73,"column":29}},"17":{"start":{"line":76,"column":18},"end":{"line":81,"column":8}},"18":{"start":{"line":77,"column":4},"end":{"line":77,"column":53}},"19":{"start":{"line":78,"column":4},"end":{"line":78,"column":52}},"20":{"start":{"line":80,"column":4},"end":{"line":80,"column":29}},"21":{"start":{"line":83,"column":21},"end":{"line":93,"column":3}},"22":{"start":{"line":85,"column":6},"end":{"line":85,"column":73}},"23":{"start":{"line":87,"column":6},"end":{"line":90,"column":9}},"24":{"start":{"line":95,"column":2},"end":{"line":101,"column":4}},"25":{"start":{"line":105,"column":18},"end":{"line":105,"column":41}},"26":{"start":{"line":107,"column":2},"end":{"line":109,"column":3}},"27":{"start":{"line":108,"column":4},"end":{"line":108,"column":67}},"28":{"start":{"line":110,"column":2},"end":{"line":110,"column":17}}},"fnMap":{"0":{"name":"(anonymous_0)","decl":{"start":{"line":39,"column":31},"end":{"line":39,"column":32}},"loc":{"start":{"line":39,"column":49},"end":{"line":102,"column":1}},"line":39},"1":{"name":"(anonymous_1)","decl":{"start":{"line":43,"column":12},"end":{"line":43,"column":13}},"loc":{"start":{"line":43,"column":18},"end":{"line":59,"column":3}},"line":43},"2":{"name":"loadStoragedData","decl":{"start":{"line":44,"column":19},"end":{"line":44,"column":35}},"loc":{"start":{"line":44,"column":53},"end":{"line":56,"column":5}},"line":44},"3":{"name":"(anonymous_3)","decl":{"start":{"line":61,"column":29},"end":{"line":61,"column":30}},"loc":{"start":{"line":61,"column":60},"end":{"line":74,"column":3}},"line":61},"4":{"name":"(anonymous_4)","decl":{"start":{"line":76,"column":30},"end":{"line":76,"column":31}},"loc":{"start":{"line":76,"column":42},"end":{"line":81,"column":3}},"line":76},"5":{"name":"(anonymous_5)","decl":{"start":{"line":84,"column":4},"end":{"line":84,"column":5}},"loc":{"start":{"line":84,"column":26},"end":{"line":91,"column":5}},"line":84},"6":{"name":"useAuth","decl":{"start":{"line":104,"column":9},"end":{"line":104,"column":16}},"loc":{"start":{"line":104,"column":36},"end":{"line":111,"column":1}},"line":104}},"branchMap":{"0":{"loc":{"start":{"line":50,"column":6},"end":{"line":53,"column":7}},"type":"if","locations":[{"start":{"line":50,"column":6},"end":{"line":53,"column":7}},{"start":{"line":50,"column":6},"end":{"line":53,"column":7}}],"line":50},"1":{"loc":{"start":{"line":50,"column":10},"end":{"line":50,"column":29}},"type":"binary-expr","locations":[{"start":{"line":50,"column":10},"end":{"line":50,"column":18}},{"start":{"line":50,"column":22},"end":{"line":50,"column":29}}],"line":50},"2":{"loc":{"start":{"line":107,"column":2},"end":{"line":109,"column":3}},"type":"if","locations":[{"start":{"line":107,"column":2},"end":{"line":109,"column":3}},{"start":{"line":107,"column":2},"end":{"line":109,"column":3}}],"line":107}},"s":{"0":1,"1":1,"2":0,"3":0,"4":0,"5":0,"6":0,"7":0,"8":0,"9":0,"10":0,"11":0,"12":0,"13":0,"14":0,"15":0,"16":0,"17":0,"18":0,"19":0,"20":0,"21":0,"22":0,"23":0,"24":0,"25":1,"26":1,"27":0,"28":1},"f":{"0":0,"1":0,"2":0,"3":0,"4":0,"5":0,"6":1},"b":{"0":[0,0],"1":[0,0],"2":[0,1]},"_coverageSchema":"1a1c01bbd47fc00a2c39e90264f33305004495a9","hash":"918d27cf1ca1691ba7909bf1beac09c383fe253b"}
,"/home/lucas/Projetos/goStack/07-appGoBarber/src/pages/AppointmentCreated/index.tsx": {"path":"/home/lucas/Projetos/goStack/07-appGoBarber/src/pages/AppointmentCreated/index.tsx","statementMap":{"0":{"start":{"line":18,"column":37},"end":{"line":54,"column":1}},"1":{"start":{"line":19,"column":20},"end":{"line":19,"column":35}},"2":{"start":{"line":20,"column":21},"end":{"line":20,"column":31}},"3":{"start":{"line":22,"column":22},"end":{"line":22,"column":43}},"4":{"start":{"line":24,"column":26},"end":{"line":33,"column":13}},"5":{"start":{"line":25,"column":4},"end":{"line":32,"column":7}},"6":{"start":{"line":35,"column":24},"end":{"line":41,"column":24}},"7":{"start":{"line":36,"column":4},"end":{"line":40,"column":6}},"8":{"start":{"line":43,"column":2},"end":{"line":53,"column":4}}},"fnMap":{"0":{"name":"(anonymous_0)","decl":{"start":{"line":18,"column":37},"end":{"line":18,"column":38}},"loc":{"start":{"line":18,"column":43},"end":{"line":54,"column":1}},"line":18},"1":{"name":"(anonymous_1)","decl":{"start":{"line":24,"column":38},"end":{"line":24,"column":39}},"loc":{"start":{"line":24,"column":44},"end":{"line":33,"column":3}},"line":24},"2":{"name":"(anonymous_2)","decl":{"start":{"line":35,"column":32},"end":{"line":35,"column":33}},"loc":{"start":{"line":35,"column":38},"end":{"line":41,"column":3}},"line":35}},"branchMap":{},"s":{"0":0,"1":0,"2":0,"3":0,"4":0,"5":0,"6":0,"7":0,"8":0},"f":{"0":0,"1":0,"2":0},"b":{}}
,"/home/lucas/Projetos/goStack/07-appGoBarber/src/pages/CreateAppointment/index.tsx": {"path":"/home/lucas/Projetos/goStack/07-appGoBarber/src/pages/CreateAppointment/index.tsx","statementMap":{"0":{"start":{"line":52,"column":36},"end":{"line":261,"column":1}},"1":{"start":{"line":53,"column":19},"end":{"line":53,"column":28}},"2":{"start":{"line":54,"column":16},"end":{"line":54,"column":26}},"3":{"start":{"line":55,"column":31},"end":{"line":55,"column":46}},"4":{"start":{"line":57,"column":22},"end":{"line":57,"column":49}},"5":{"start":{"line":59,"column":42},"end":{"line":59,"column":74}},"6":{"start":{"line":60,"column":46},"end":{"line":60,"column":61}},"7":{"start":{"line":61,"column":42},"end":{"line":61,"column":62}},"8":{"start":{"line":62,"column":42},"end":{"line":62,"column":53}},"9":{"start":{"line":63,"column":36},"end":{"line":63,"column":60}},"10":{"start":{"line":64,"column":50},"end":{"line":66,"column":3}},"11":{"start":{"line":68,"column":2},"end":{"line":72,"column":9}},"12":{"start":{"line":69,"column":4},"end":{"line":71,"column":7}},"13":{"start":{"line":70,"column":6},"end":{"line":70,"column":34}},"14":{"start":{"line":74,"column":2},"end":{"line":86,"column":39}},"15":{"start":{"line":75,"column":4},"end":{"line":85,"column":9}},"16":{"start":{"line":84,"column":8},"end":{"line":84,"column":39}},"17":{"start":{"line":88,"column":23},"end":{"line":90,"column":14}},"18":{"start":{"line":89,"column":4},"end":{"line":89,"column":13}},"19":{"start":{"line":92,"column":33},"end":{"line":94,"column":8}},"20":{"start":{"line":93,"column":4},"end":{"line":93,"column":36}},"21":{"start":{"line":96,"column":33},"end":{"line":98,"column":8}},"22":{"start":{"line":97,"column":4},"end":{"line":97,"column":39}},"23":{"start":{"line":97,"column":31},"end":{"line":97,"column":37}},"24":{"start":{"line":100,"column":27},"end":{"line":108,"column":8}},"25":{"start":{"line":101,"column":4},"end":{"line":103,"column":5}},"26":{"start":{"line":102,"column":6},"end":{"line":102,"column":31}},"27":{"start":{"line":105,"column":4},"end":{"line":107,"column":5}},"28":{"start":{"line":106,"column":6},"end":{"line":106,"column":28}},"29":{"start":{"line":110,"column":27},"end":{"line":112,"column":8}},"30":{"start":{"line":111,"column":4},"end":{"line":111,"column":26}},"31":{"start":{"line":114,"column":34},"end":{"line":133,"column":62}},"32":{"start":{"line":115,"column":4},"end":{"line":132,"column":5}},"33":{"start":{"line":116,"column":19},"end":{"line":116,"column":51}},"34":{"start":{"line":118,"column":6},"end":{"line":118,"column":34}},"35":{"start":{"line":119,"column":6},"end":{"line":119,"column":25}},"36":{"start":{"line":121,"column":6},"end":{"line":124,"column":9}},"37":{"start":{"line":126,"column":6},"end":{"line":126,"column":63}},"38":{"start":{"line":128,"column":6},"end":{"line":131,"column":8}},"39":{"start":{"line":135,"column":30},"end":{"line":145,"column":20}},"40":{"start":{"line":136,"column":4},"end":{"line":144,"column":9}},"41":{"start":{"line":137,"column":28},"end":{"line":137,"column":37}},"42":{"start":{"line":139,"column":8},"end":{"line":143,"column":10}},"43":{"start":{"line":147,"column":32},"end":{"line":157,"column":20}},"44":{"start":{"line":148,"column":4},"end":{"line":156,"column":9}},"45":{"start":{"line":149,"column":28},"end":{"line":149,"column":38}},"46":{"start":{"line":151,"column":8},"end":{"line":155,"column":10}},"47":{"start":{"line":159,"column":2},"end":{"line":260,"column":4}},"48":{"start":{"line":164,"column":12},"end":{"line":164,"column":27}},"49":{"start":{"line":179,"column":38},"end":{"line":179,"column":49}},"50":{"start":{"line":181,"column":14},"end":{"line":189,"column":34}},"51":{"start":{"line":182,"column":31},"end":{"line":182,"column":66}},"52":{"start":{"line":220,"column":16},"end":{"line":230,"column":23}},"53":{"start":{"line":225,"column":33},"end":{"line":225,"column":55}},"54":{"start":{"line":239,"column":18},"end":{"line":249,"column":25}},"55":{"start":{"line":244,"column":35},"end":{"line":244,"column":57}}},"fnMap":{"0":{"name":"(anonymous_0)","decl":{"start":{"line":52,"column":36},"end":{"line":52,"column":37}},"loc":{"start":{"line":52,"column":42},"end":{"line":261,"column":1}},"line":52},"1":{"name":"(anonymous_1)","decl":{"start":{"line":68,"column":12},"end":{"line":68,"column":13}},"loc":{"start":{"line":68,"column":18},"end":{"line":72,"column":3}},"line":68},"2":{"name":"(anonymous_2)","decl":{"start":{"line":69,"column":30},"end":{"line":69,"column":31}},"loc":{"start":{"line":69,"column":42},"end":{"line":71,"column":5}},"line":69},"3":{"name":"(anonymous_3)","decl":{"start":{"line":74,"column":12},"end":{"line":74,"column":13}},"loc":{"start":{"line":74,"column":18},"end":{"line":86,"column":3}},"line":74},"4":{"name":"(anonymous_4)","decl":{"start":{"line":83,"column":12},"end":{"line":83,"column":13}},"loc":{"start":{"line":83,"column":24},"end":{"line":85,"column":7}},"line":83},"5":{"name":"(anonymous_5)","decl":{"start":{"line":88,"column":35},"end":{"line":88,"column":36}},"loc":{"start":{"line":88,"column":41},"end":{"line":90,"column":3}},"line":88},"6":{"name":"(anonymous_6)","decl":{"start":{"line":92,"column":45},"end":{"line":92,"column":46}},"loc":{"start":{"line":92,"column":69},"end":{"line":94,"column":3}},"line":92},"7":{"name":"(anonymous_7)","decl":{"start":{"line":96,"column":45},"end":{"line":96,"column":46}},"loc":{"start":{"line":96,"column":51},"end":{"line":98,"column":3}},"line":96},"8":{"name":"(anonymous_8)","decl":{"start":{"line":97,"column":22},"end":{"line":97,"column":23}},"loc":{"start":{"line":97,"column":31},"end":{"line":97,"column":37}},"line":97},"9":{"name":"(anonymous_9)","decl":{"start":{"line":100,"column":39},"end":{"line":100,"column":40}},"loc":{"start":{"line":100,"column":79},"end":{"line":108,"column":3}},"line":100},"10":{"name":"(anonymous_10)","decl":{"start":{"line":110,"column":39},"end":{"line":110,"column":40}},"loc":{"start":{"line":110,"column":57},"end":{"line":112,"column":3}},"line":110},"11":{"name":"(anonymous_11)","decl":{"start":{"line":114,"column":46},"end":{"line":114,"column":47}},"loc":{"start":{"line":114,"column":58},"end":{"line":133,"column":3}},"line":114},"12":{"name":"(anonymous_12)","decl":{"start":{"line":135,"column":38},"end":{"line":135,"column":39}},"loc":{"start":{"line":135,"column":44},"end":{"line":145,"column":3}},"line":135},"13":{"name":"(anonymous_13)","decl":{"start":{"line":137,"column":14},"end":{"line":137,"column":15}},"loc":{"start":{"line":137,"column":28},"end":{"line":137,"column":37}},"line":137},"14":{"name":"(anonymous_14)","decl":{"start":{"line":138,"column":11},"end":{"line":138,"column":12}},"loc":{"start":{"line":138,"column":36},"end":{"line":144,"column":7}},"line":138},"15":{"name":"(anonymous_15)","decl":{"start":{"line":147,"column":40},"end":{"line":147,"column":41}},"loc":{"start":{"line":147,"column":46},"end":{"line":157,"column":3}},"line":147},"16":{"name":"(anonymous_16)","decl":{"start":{"line":149,"column":14},"end":{"line":149,"column":15}},"loc":{"start":{"line":149,"column":28},"end":{"line":149,"column":38}},"line":149},"17":{"name":"(anonymous_17)","decl":{"start":{"line":150,"column":11},"end":{"line":150,"column":12}},"loc":{"start":{"line":150,"column":36},"end":{"line":156,"column":7}},"line":150},"18":{"name":"(anonymous_18)","decl":{"start":{"line":163,"column":19},"end":{"line":163,"column":20}},"loc":{"start":{"line":163,"column":25},"end":{"line":165,"column":11}},"line":163},"19":{"name":"(anonymous_19)","decl":{"start":{"line":179,"column":26},"end":{"line":179,"column":27}},"loc":{"start":{"line":179,"column":38},"end":{"line":179,"column":49}},"line":179},"20":{"name":"(anonymous_20)","decl":{"start":{"line":180,"column":24},"end":{"line":180,"column":25}},"loc":{"start":{"line":181,"column":14},"end":{"line":189,"column":34}},"line":181},"21":{"name":"(anonymous_21)","decl":{"start":{"line":182,"column":25},"end":{"line":182,"column":26}},"loc":{"start":{"line":182,"column":31},"end":{"line":182,"column":66}},"line":182},"22":{"name":"(anonymous_22)","decl":{"start":{"line":219,"column":39},"end":{"line":219,"column":40}},"loc":{"start":{"line":220,"column":16},"end":{"line":230,"column":23}},"line":220},"23":{"name":"(anonymous_23)","decl":{"start":{"line":225,"column":27},"end":{"line":225,"column":28}},"loc":{"start":{"line":225,"column":33},"end":{"line":225,"column":55}},"line":225},"24":{"name":"(anonymous_24)","decl":{"start":{"line":238,"column":16},"end":{"line":238,"column":17}},"loc":{"start":{"line":239,"column":18},"end":{"line":249,"column":25}},"line":239},"25":{"name":"(anonymous_25)","decl":{"start":{"line":244,"column":29},"end":{"line":244,"column":30}},"loc":{"start":{"line":244,"column":35},"end":{"line":244,"column":57}},"line":244}},"branchMap":{"0":{"loc":{"start":{"line":101,"column":4},"end":{"line":103,"column":5}},"type":"if","locations":[{"start":{"line":101,"column":4},"end":{"line":103,"column":5}},{"start":{"line":101,"column":4},"end":{"line":103,"column":5}}],"line":101},"1":{"loc":{"start":{"line":105,"column":4},"end":{"line":107,"column":5}},"type":"if","locations":[{"start":{"line":105,"column":4},"end":{"line":107,"column":5}},{"start":{"line":105,"column":4},"end":{"line":107,"column":5}}],"line":105},"2":{"loc":{"start":{"line":201,"column":11},"end":{"line":209,"column":11}},"type":"binary-expr","locations":[{"start":{"line":201,"column":11},"end":{"line":201,"column":25}},{"start":{"line":202,"column":12},"end":{"line":208,"column":14}}],"line":201},"3":{"loc":{"start":{"line":203,"column":19},"end":{"line":203,"column":68}},"type":"binary-expr","locations":[{"start":{"line":203,"column":19},"end":{"line":203,"column":40}},{"start":{"line":203,"column":44},"end":{"line":203,"column":68}}],"line":203},"4":{"loc":{"start":{"line":205,"column":23},"end":{"line":205,"column":73}},"type":"cond-expr","locations":[{"start":{"line":205,"column":51},"end":{"line":205,"column":61}},{"start":{"line":205,"column":64},"end":{"line":205,"column":73}}],"line":205}},"s":{"0":0,"1":0,"2":0,"3":0,"4":0,"5":0,"6":0,"7":0,"8":0,"9":0,"10":0,"11":0,"12":0,"13":0,"14":0,"15":0,"16":0,"17":0,"18":0,"19":0,"20":0,"21":0,"22":0,"23":0,"24":0,"25":0,"26":0,"27":0,"28":0,"29":0,"30":0,"31":0,"32":0,"33":0,"34":0,"35":0,"36":0,"37":0,"38":0,"39":0,"40":0,"41":0,"42":0,"43":0,"44":0,"45":0,"46":0,"47":0,"48":0,"49":0,"50":0,"51":0,"52":0,"53":0,"54":0,"55":0},"f":{"0":0,"1":0,"2":0,"3":0,"4":0,"5":0,"6":0,"7":0,"8":0,"9":0,"10":0,"11":0,"12":0,"13":0,"14":0,"15":0,"16":0,"17":0,"18":0,"19":0,"20":0,"21":0,"22":0,"23":0,"24":0,"25":0},"b":{"0":[0,0],"1":[0,0],"2":[0,0],"3":[0,0],"4":[0,0]}}
,"/home/lucas/Projetos/goStack/07-appGoBarber/src/pages/Dashboard/index.tsx": {"path":"/home/lucas/Projetos/goStack/07-appGoBarber/src/pages/Dashboard/index.tsx","statementMap":{"0":{"start":{"line":32,"column":28},"end":{"line":96,"column":1}},"1":{"start":{"line":33,"column":36},"end":{"line":33,"column":60}},"2":{"start":{"line":36,"column":19},"end":{"line":36,"column":28}},"3":{"start":{"line":37,"column":23},"end":{"line":37,"column":38}},"4":{"start":{"line":39,"column":2},"end":{"line":43,"column":9}},"5":{"start":{"line":40,"column":4},"end":{"line":42,"column":7}},"6":{"start":{"line":41,"column":6},"end":{"line":41,"column":34}},"7":{"start":{"line":45,"column":28},"end":{"line":47,"column":16}},"8":{"start":{"line":46,"column":4},"end":{"line":46,"column":24}},"9":{"start":{"line":49,"column":38},"end":{"line":54,"column":3}},"10":{"start":{"line":51,"column":6},"end":{"line":51,"column":52}},"11":{"start":{"line":56,"column":2},"end":{"line":95,"column":4}},"12":{"start":{"line":70,"column":34},"end":{"line":70,"column":45}},"13":{"start":{"line":73,"column":10},"end":{"line":91,"column":30}},"14":{"start":{"line":74,"column":27},"end":{"line":74,"column":67}}},"fnMap":{"0":{"name":"(anonymous_0)","decl":{"start":{"line":32,"column":28},"end":{"line":32,"column":29}},"loc":{"start":{"line":32,"column":34},"end":{"line":96,"column":1}},"line":32},"1":{"name":"(anonymous_1)","decl":{"start":{"line":39,"column":12},"end":{"line":39,"column":13}},"loc":{"start":{"line":39,"column":18},"end":{"line":43,"column":3}},"line":39},"2":{"name":"(anonymous_2)","decl":{"start":{"line":40,"column":30},"end":{"line":40,"column":31}},"loc":{"start":{"line":40,"column":42},"end":{"line":42,"column":5}},"line":40},"3":{"name":"(anonymous_3)","decl":{"start":{"line":45,"column":40},"end":{"line":45,"column":41}},"loc":{"start":{"line":45,"column":46},"end":{"line":47,"column":3}},"line":45},"4":{"name":"(anonymous_4)","decl":{"start":{"line":50,"column":4},"end":{"line":50,"column":5}},"loc":{"start":{"line":50,"column":28},"end":{"line":52,"column":5}},"line":50},"5":{"name":"(anonymous_5)","decl":{"start":{"line":70,"column":22},"end":{"line":70,"column":23}},"loc":{"start":{"line":70,"column":34},"end":{"line":70,"column":45}},"line":70},"6":{"name":"(anonymous_6)","decl":{"start":{"line":72,"column":20},"end":{"line":72,"column":21}},"loc":{"start":{"line":73,"column":10},"end":{"line":91,"column":30}},"line":73},"7":{"name":"(anonymous_7)","decl":{"start":{"line":74,"column":21},"end":{"line":74,"column":22}},"loc":{"start":{"line":74,"column":27},"end":{"line":74,"column":67}},"line":74}},"branchMap":{},"s":{"0":0,"1":0,"2":0,"3":0,"4":0,"5":0,"6":0,"7":0,"8":0,"9":0,"10":0,"11":0,"12":0,"13":0,"14":0},"f":{"0":0,"1":0,"2":0,"3":0,"4":0,"5":0,"6":0,"7":0},"b":{}}
,"/home/lucas/Projetos/goStack/07-appGoBarber/src/pages/Profile/index.tsx": {"path":"/home/lucas/Projetos/goStack/07-appGoBarber/src/pages/Profile/index.tsx","statementMap":{"0":{"start":{"line":45,"column":26},"end":{"line":272,"column":1}},"1":{"start":{"line":46,"column":40},"end":{"line":46,"column":49}},"2":{"start":{"line":47,"column":18},"end":{"line":47,"column":43}},"3":{"start":{"line":48,"column":21},"end":{"line":48,"column":36}},"4":{"start":{"line":50,"column":24},"end":{"line":50,"column":47}},"5":{"start":{"line":51,"column":30},"end":{"line":51,"column":53}},"6":{"start":{"line":52,"column":27},"end":{"line":52,"column":50}},"7":{"start":{"line":53,"column":34},"end":{"line":53,"column":57}},"8":{"start":{"line":55,"column":23},"end":{"line":127,"column":3}},"9":{"start":{"line":57,"column":6},"end":{"line":124,"column":7}},"10":{"start":{"line":58,"column":8},"end":{"line":58,"column":39}},"11":{"start":{"line":60,"column":23},"end":{"line":78,"column":10}},"12":{"start":{"line":67,"column":23},"end":{"line":67,"column":35}},"13":{"start":{"line":73,"column":25},"end":{"line":73,"column":37}},"14":{"start":{"line":80,"column":8},"end":{"line":82,"column":11}},"15":{"start":{"line":90,"column":12},"end":{"line":90,"column":16}},"16":{"start":{"line":92,"column":25},"end":{"line":102,"column":9}},"17":{"start":{"line":104,"column":25},"end":{"line":104,"column":60}},"18":{"start":{"line":106,"column":8},"end":{"line":106,"column":34}},"19":{"start":{"line":108,"column":8},"end":{"line":108,"column":54}},"20":{"start":{"line":110,"column":8},"end":{"line":110,"column":28}},"21":{"start":{"line":112,"column":8},"end":{"line":118,"column":9}},"22":{"start":{"line":113,"column":25},"end":{"line":113,"column":49}},"23":{"start":{"line":115,"column":10},"end":{"line":115,"column":45}},"24":{"start":{"line":117,"column":10},"end":{"line":117,"column":17}},"25":{"start":{"line":120,"column":8},"end":{"line":123,"column":10}},"26":{"start":{"line":129,"column":29},"end":{"line":160,"column":27}},"27":{"start":{"line":130,"column":4},"end":{"line":159,"column":6}},"28":{"start":{"line":138,"column":8},"end":{"line":140,"column":9}},"29":{"start":{"line":139,"column":10},"end":{"line":139,"column":17}},"30":{"start":{"line":142,"column":8},"end":{"line":145,"column":9}},"31":{"start":{"line":143,"column":10},"end":{"line":143,"column":55}},"32":{"start":{"line":144,"column":10},"end":{"line":144,"column":17}},"33":{"start":{"line":147,"column":21},"end":{"line":147,"column":35}},"34":{"start":{"line":149,"column":8},"end":{"line":153,"column":11}},"35":{"start":{"line":155,"column":8},"end":{"line":157,"column":11}},"36":{"start":{"line":156,"column":10},"end":{"line":156,"column":39}},"37":{"start":{"line":162,"column":23},"end":{"line":164,"column":18}},"38":{"start":{"line":163,"column":4},"end":{"line":163,"column":24}},"39":{"start":{"line":166,"column":23},"end":{"line":169,"column":15}},"40":{"start":{"line":167,"column":4},"end":{"line":167,"column":53}},"41":{"start":{"line":168,"column":4},"end":{"line":168,"column":14}},"42":{"start":{"line":171,"column":2},"end":{"line":271,"column":4}},"43":{"start":{"line":208,"column":18},"end":{"line":208,"column":49}},"44":{"start":{"line":221,"column":18},"end":{"line":221,"column":55}},"45":{"start":{"line":234,"column":18},"end":{"line":234,"column":52}},"46":{"start":{"line":246,"column":18},"end":{"line":246,"column":59}},"47":{"start":{"line":257,"column":39},"end":{"line":257,"column":68}},"48":{"start":{"line":261,"column":18},"end":{"line":261,"column":48}}},"fnMap":{"0":{"name":"(anonymous_0)","decl":{"start":{"line":45,"column":26},"end":{"line":45,"column":27}},"loc":{"start":{"line":45,"column":32},"end":{"line":272,"column":1}},"line":45},"1":{"name":"(anonymous_1)","decl":{"start":{"line":56,"column":4},"end":{"line":56,"column":5}},"loc":{"start":{"line":56,"column":37},"end":{"line":125,"column":5}},"line":56},"2":{"name":"(anonymous_2)","decl":{"start":{"line":67,"column":16},"end":{"line":67,"column":17}},"loc":{"start":{"line":67,"column":23},"end":{"line":67,"column":35}},"line":67},"3":{"name":"(anonymous_3)","decl":{"start":{"line":73,"column":18},"end":{"line":73,"column":19}},"loc":{"start":{"line":73,"column":25},"end":{"line":73,"column":37}},"line":73},"4":{"name":"(anonymous_4)","decl":{"start":{"line":129,"column":41},"end":{"line":129,"column":42}},"loc":{"start":{"line":129,"column":47},"end":{"line":160,"column":3}},"line":129},"5":{"name":"(anonymous_5)","decl":{"start":{"line":137,"column":6},"end":{"line":137,"column":7}},"loc":{"start":{"line":137,"column":18},"end":{"line":158,"column":7}},"line":137},"6":{"name":"(anonymous_6)","decl":{"start":{"line":155,"column":45},"end":{"line":155,"column":46}},"loc":{"start":{"line":155,"column":60},"end":{"line":157,"column":9}},"line":155},"7":{"name":"(anonymous_7)","decl":{"start":{"line":162,"column":35},"end":{"line":162,"column":36}},"loc":{"start":{"line":162,"column":41},"end":{"line":164,"column":3}},"line":162},"8":{"name":"(anonymous_8)","decl":{"start":{"line":166,"column":35},"end":{"line":166,"column":36}},"loc":{"start":{"line":166,"column":41},"end":{"line":169,"column":3}},"line":166},"9":{"name":"(anonymous_9)","decl":{"start":{"line":207,"column":33},"end":{"line":207,"column":34}},"loc":{"start":{"line":207,"column":39},"end":{"line":209,"column":17}},"line":207},"10":{"name":"(anonymous_10)","decl":{"start":{"line":220,"column":33},"end":{"line":220,"column":34}},"loc":{"start":{"line":220,"column":39},"end":{"line":222,"column":17}},"line":220},"11":{"name":"(anonymous_11)","decl":{"start":{"line":233,"column":33},"end":{"line":233,"column":34}},"loc":{"start":{"line":233,"column":39},"end":{"line":235,"column":17}},"line":233},"12":{"name":"(anonymous_12)","decl":{"start":{"line":245,"column":33},"end":{"line":245,"column":34}},"loc":{"start":{"line":245,"column":39},"end":{"line":247,"column":17}},"line":245},"13":{"name":"(anonymous_13)","decl":{"start":{"line":257,"column":33},"end":{"line":257,"column":34}},"loc":{"start":{"line":257,"column":39},"end":{"line":257,"column":68}},"line":257},"14":{"name":"(anonymous_14)","decl":{"start":{"line":260,"column":25},"end":{"line":260,"column":26}},"loc":{"start":{"line":260,"column":31},"end":{"line":262,"column":17}},"line":260}},"branchMap":{"0":{"loc":{"start":{"line":95,"column":14},"end":{"line":101,"column":16}},"type":"cond-expr","locations":[{"start":{"line":96,"column":14},"end":{"line":100,"column":15}},{"start":{"line":101,"column":14},"end":{"line":101,"column":16}}],"line":95},"1":{"loc":{"start":{"line":112,"column":8},"end":{"line":118,"column":9}},"type":"if","locations":[{"start":{"line":112,"column":8},"end":{"line":118,"column":9}},{"start":{"line":112,"column":8},"end":{"line":118,"column":9}}],"line":112},"2":{"loc":{"start":{"line":138,"column":8},"end":{"line":140,"column":9}},"type":"if","locations":[{"start":{"line":138,"column":8},"end":{"line":140,"column":9}},{"start":{"line":138,"column":8},"end":{"line":140,"column":9}}],"line":138},"3":{"loc":{"start":{"line":142,"column":8},"end":{"line":145,"column":9}},"type":"if","locations":[{"start":{"line":142,"column":8},"end":{"line":145,"column":9}},{"start":{"line":142,"column":8},"end":{"line":145,"column":9}}],"line":142},"4":{"loc":{"start":{"line":175,"column":18},"end":{"line":175,"column":63}},"type":"cond-expr","locations":[{"start":{"line":175,"column":42},"end":{"line":175,"column":51}},{"start":{"line":175,"column":54},"end":{"line":175,"column":63}}],"line":175}},"s":{"0":0,"1":0,"2":0,"3":0,"4":0,"5":0,"6":0,"7":0,"8":0,"9":0,"10":0,"11":0,"12":0,"13":0,"14":0,"15":0,"16":0,"17":0,"18":0,"19":0,"20":0,"21":0,"22":0,"23":0,"24":0,"25":0,"26":0,"27":0,"28":0,"29":0,"30":0,"31":0,"32":0,"33":0,"34":0,"35":0,"36":0,"37":0,"38":0,"39":0,"40":0,"41":0,"42":0,"43":0,"44":0,"45":0,"46":0,"47":0,"48":0},"f":{"0":0,"1":0,"2":0,"3":0,"4":0,"5":0,"6":0,"7":0,"8":0,"9":0,"10":0,"11":0,"12":0,"13":0,"14":0},"b":{"0":[0,0],"1":[0,0],"2":[0,0],"3":[0,0],"4":[0,0]}}
,"/home/lucas/Projetos/goStack/07-appGoBarber/src/pages/SignIn/index.tsx": {"path":"/home/lucas/Projetos/goStack/07-appGoBarber/src/pages/SignIn/index.tsx","statementMap":{"0":{"start":{"line":40,"column":25},"end":{"line":153,"column":1}},"1":{"start":{"line":41,"column":18},"end":{"line":41,"column":43}},"2":{"start":{"line":42,"column":27},"end":{"line":42,"column":50}},"3":{"start":{"line":44,"column":21},"end":{"line":44,"column":36}},"4":{"start":{"line":46,"column":21},"end":{"line":46,"column":30}},"5":{"start":{"line":48,"column":23},"end":{"line":83,"column":3}},"6":{"start":{"line":50,"column":6},"end":{"line":80,"column":7}},"7":{"start":{"line":51,"column":8},"end":{"line":51,"column":39}},"8":{"start":{"line":52,"column":23},"end":{"line":57,"column":10}},"9":{"start":{"line":59,"column":8},"end":{"line":61,"column":11}},"10":{"start":{"line":63,"column":8},"end":{"line":66,"column":11}},"11":{"start":{"line":68,"column":8},"end":{"line":74,"column":9}},"12":{"start":{"line":69,"column":25},"end":{"line":69,"column":49}},"13":{"start":{"line":71,"column":10},"end":{"line":71,"column":45}},"14":{"start":{"line":73,"column":10},"end":{"line":73,"column":17}},"15":{"start":{"line":76,"column":8},"end":{"line":79,"column":10}},"16":{"start":{"line":85,"column":2},"end":{"line":152,"column":4}},"17":{"start":{"line":113,"column":18},"end":{"line":113,"column":52}},"18":{"start":{"line":124,"column":18},"end":{"line":124,"column":48}},"19":{"start":{"line":130,"column":18},"end":{"line":130,"column":48}},"20":{"start":{"line":139,"column":16},"end":{"line":139,"column":47}},"21":{"start":{"line":147,"column":42},"end":{"line":147,"column":71}}},"fnMap":{"0":{"name":"(anonymous_0)","decl":{"start":{"line":40,"column":25},"end":{"line":40,"column":26}},"loc":{"start":{"line":40,"column":31},"end":{"line":153,"column":1}},"line":40},"1":{"name":"(anonymous_1)","decl":{"start":{"line":49,"column":4},"end":{"line":49,"column":5}},"loc":{"start":{"line":49,"column":36},"end":{"line":81,"column":5}},"line":49},"2":{"name":"(anonymous_2)","decl":{"start":{"line":112,"column":33},"end":{"line":112,"column":34}},"loc":{"start":{"line":112,"column":39},"end":{"line":114,"column":17}},"line":112},"3":{"name":"(anonymous_3)","decl":{"start":{"line":123,"column":33},"end":{"line":123,"column":34}},"loc":{"start":{"line":123,"column":39},"end":{"line":125,"column":17}},"line":123},"4":{"name":"(anonymous_4)","decl":{"start":{"line":129,"column":25},"end":{"line":129,"column":26}},"loc":{"start":{"line":129,"column":31},"end":{"line":131,"column":17}},"line":129},"5":{"name":"(anonymous_5)","decl":{"start":{"line":138,"column":23},"end":{"line":138,"column":24}},"loc":{"start":{"line":138,"column":29},"end":{"line":140,"column":15}},"line":138},"6":{"name":"(anonymous_6)","decl":{"start":{"line":147,"column":36},"end":{"line":147,"column":37}},"loc":{"start":{"line":147,"column":42},"end":{"line":147,"column":71}},"line":147}},"branchMap":{"0":{"loc":{"start":{"line":68,"column":8},"end":{"line":74,"column":9}},"type":"if","locations":[{"start":{"line":68,"column":8},"end":{"line":74,"column":9}},{"start":{"line":68,"column":8},"end":{"line":74,"column":9}}],"line":68},"1":{"loc":{"start":{"line":89,"column":18},"end":{"line":89,"column":63}},"type":"cond-expr","locations":[{"start":{"line":89,"column":42},"end":{"line":89,"column":51}},{"start":{"line":89,"column":54},"end":{"line":89,"column":63}}],"line":89}},"s":{"0":1,"1":1,"2":1,"3":1,"4":1,"5":1,"6":0,"7":0,"8":0,"9":0,"10":0,"11":0,"12":0,"13":0,"14":0,"15":0,"16":1,"17":0,"18":0,"19":0,"20":0,"21":0},"f":{"0":1,"1":0,"2":0,"3":0,"4":0,"5":0,"6":0},"b":{"0":[0,0],"1":[1,0]},"_coverageSchema":"1a1c01bbd47fc00a2c39e90264f33305004495a9","hash":"34bf754ac984d67dccb0d078908a904796d48490"}
,"/home/lucas/Projetos/goStack/07-appGoBarber/src/pages/SignUp/index.tsx": {"path":"/home/lucas/Projetos/goStack/07-appGoBarber/src/pages/SignUp/index.tsx","statementMap":{"0":{"start":{"line":36,"column":25},"end":{"line":155,"column":1}},"1":{"start":{"line":37,"column":18},"end":{"line":37,"column":43}},"2":{"start":{"line":38,"column":21},"end":{"line":38,"column":36}},"3":{"start":{"line":40,"column":24},"end":{"line":40,"column":47}},"4":{"start":{"line":41,"column":27},"end":{"line":41,"column":50}},"5":{"start":{"line":43,"column":23},"end":{"line":84,"column":3}},"6":{"start":{"line":45,"column":6},"end":{"line":81,"column":7}},"7":{"start":{"line":46,"column":8},"end":{"line":46,"column":39}},"8":{"start":{"line":48,"column":23},"end":{"line":54,"column":10}},"9":{"start":{"line":56,"column":8},"end":{"line":58,"column":11}},"10":{"start":{"line":60,"column":8},"end":{"line":60,"column":39}},"11":{"start":{"line":62,"column":8},"end":{"line":65,"column":10}},"12":{"start":{"line":67,"column":8},"end":{"line":67,"column":28}},"13":{"start":{"line":69,"column":8},"end":{"line":75,"column":9}},"14":{"start":{"line":70,"column":25},"end":{"line":70,"column":49}},"15":{"start":{"line":72,"column":10},"end":{"line":72,"column":45}},"16":{"start":{"line":74,"column":10},"end":{"line":74,"column":17}},"17":{"start":{"line":77,"column":8},"end":{"line":80,"column":10}},"18":{"start":{"line":86,"column":2},"end":{"line":154,"column":4}},"19":{"start":{"line":112,"column":18},"end":{"line":112,"column":49}},"20":{"start":{"line":125,"column":18},"end":{"line":125,"column":52}},"21":{"start":{"line":136,"column":39},"end":{"line":136,"column":68}},"22":{"start":{"line":140,"column":18},"end":{"line":140,"column":48}},"23":{"start":{"line":149,"column":35},"end":{"line":149,"column":54}}},"fnMap":{"0":{"name":"(anonymous_0)","decl":{"start":{"line":36,"column":25},"end":{"line":36,"column":26}},"loc":{"start":{"line":36,"column":31},"end":{"line":155,"column":1}},"line":36},"1":{"name":"(anonymous_1)","decl":{"start":{"line":44,"column":4},"end":{"line":44,"column":5}},"loc":{"start":{"line":44,"column":36},"end":{"line":82,"column":5}},"line":44},"2":{"name":"(anonymous_2)","decl":{"start":{"line":111,"column":33},"end":{"line":111,"column":34}},"loc":{"start":{"line":111,"column":39},"end":{"line":113,"column":17}},"line":111},"3":{"name":"(anonymous_3)","decl":{"start":{"line":124,"column":33},"end":{"line":124,"column":34}},"loc":{"start":{"line":124,"column":39},"end":{"line":126,"column":17}},"line":124},"4":{"name":"(anonymous_4)","decl":{"start":{"line":136,"column":33},"end":{"line":136,"column":34}},"loc":{"start":{"line":136,"column":39},"end":{"line":136,"column":68}},"line":136},"5":{"name":"(anonymous_5)","decl":{"start":{"line":139,"column":25},"end":{"line":139,"column":26}},"loc":{"start":{"line":139,"column":31},"end":{"line":141,"column":17}},"line":139},"6":{"name":"(anonymous_6)","decl":{"start":{"line":149,"column":29},"end":{"line":149,"column":30}},"loc":{"start":{"line":149,"column":35},"end":{"line":149,"column":54}},"line":149}},"branchMap":{"0":{"loc":{"start":{"line":69,"column":8},"end":{"line":75,"column":9}},"type":"if","locations":[{"start":{"line":69,"column":8},"end":{"line":75,"column":9}},{"start":{"line":69,"column":8},"end":{"line":75,"column":9}}],"line":69},"1":{"loc":{"start":{"line":90,"column":18},"end":{"line":90,"column":63}},"type":"cond-expr","locations":[{"start":{"line":90,"column":42},"end":{"line":90,"column":51}},{"start":{"line":90,"column":54},"end":{"line":90,"column":63}}],"line":90}},"s":{"0":0,"1":0,"2":0,"3":0,"4":0,"5":0,"6":0,"7":0,"8":0,"9":0,"10":0,"11":0,"12":0,"13":0,"14":0,"15":0,"16":0,"17":0,"18":0,"19":0,"20":0,"21":0,"22":0,"23":0},"f":{"0":0,"1":0,"2":0,"3":0,"4":0,"5":0,"6":0},"b":{"0":[0,0],"1":[0,0]}}
}
